<?xml version="1.0" encoding="UTF-8"?>
<!-- Generated by org.testng.reporters.JUnitReportReporter -->
<testsuite skipped="0" hostname="KANINI-LTP-85" name="restassuredTestpackage.Demo1_Getrequest" tests="2" failures="0" timestamp="23 Mar 2020 14:56:48 GMT" time="4.086" errors="0">
  <testcase name="getWeatherDetails" time="1.035" classname="restassuredTestpackage.Demo1_Getrequest"/>
  <testcase name="getEmployeeDetails" time="3.051" classname="restassuredTestpackage.Demo1_Getrequest"/>
</testsuite> <!-- restassuredTestpackage.Demo1_Getrequest -->
