<?xml version="1.0" encoding="UTF-8"?>
<!-- Generated by org.testng.reporters.JUnitReportReporter -->
<testsuite skipped="0" hostname="KANINI-LTP-85" name="restassuredTestpackage.Demo_PostMethod" tests="1" failures="0" timestamp="24 Mar 2020 14:01:46 GMT" time="3.367" errors="0">
  <testcase name="testEmployee" time="3.367" classname="restassuredTestpackage.Demo_PostMethod"/>
</testsuite> <!-- restassuredTestpackage.Demo_PostMethod -->
